c:\dropbox\mydocuments\projects_current\nrpydnacode\cpp_clean\hedges\hedges\x64\debug\vc143.pdb
c:\dropbox\mydocuments\projects_current\nrpydnacode\cpp_clean\hedges\hedges\x64\debug\vc143.idb
c:\dropbox\mydocuments\projects_current\nrpydnacode\cpp_clean\hedges\hedges\x64\debug\rsecc.obj
c:\dropbox\mydocuments\projects_current\nrpydnacode\cpp_clean\hedges\hedges\x64\debug\dnacode_demo.obj
c:\dropbox\mydocuments\projects_current\nrpydnacode\cpp_clean\hedges\hedges\x64\debug\dnacode.obj
c:\dropbox\mydocuments\projects_current\nrpydnacode\cpp_clean\hedges\x64\debug\hedges.exe
c:\dropbox\mydocuments\projects_current\nrpydnacode\cpp_clean\hedges\x64\debug\hedges.pdb
c:\dropbox\mydocuments\projects_current\nrpydnacode\cpp_clean\hedges\hedges\x64\debug\hedges.ilk
c:\dropbox\mydocuments\projects_current\nrpydnacode\cpp_clean\build_ms_visualstudio\hedges\x64\debug\dnacode.obj
c:\dropbox\mydocuments\projects_current\nrpydnacode\cpp_clean\build_ms_visualstudio\hedges\x64\debug\dnacode_demo.obj
c:\dropbox\mydocuments\projects_current\nrpydnacode\cpp_clean\build_ms_visualstudio\hedges\x64\debug\rsecc.obj
c:\dropbox\mydocuments\projects_current\nrpydnacode\cpp_clean\build_ms_visualstudio\hedges\x64\debug\hedges.ilk
c:\dropbox\mydocuments\projects_current\nrpydnacode\cpp_clean\build_ms_visualstudio\hedges\x64\debug\vc143.idb
c:\dropbox\mydocuments\projects_current\nrpydnacode\cpp_clean\build_ms_visualstudio\hedges\x64\debug\vc143.pdb
c:\dropbox\mydocuments\projects_current\nrpydnacode\cpp_clean\build_ms_visualstudio\x64\debug\hedges.pdb
c:\dropbox\mydocuments\projects_current\nrpydnacode\cpp_clean\build_ms_visualstudio\x64\debug\hedges.exe
c:\dropbox\mydocuments\projects_current\nrpydnacode\cpp_clean\build_ms_visualstudio\hedges\x64\debug\hedges.tlog\cl.command.1.tlog
c:\dropbox\mydocuments\projects_current\nrpydnacode\cpp_clean\build_ms_visualstudio\hedges\x64\debug\hedges.tlog\cl.items.tlog
c:\dropbox\mydocuments\projects_current\nrpydnacode\cpp_clean\build_ms_visualstudio\hedges\x64\debug\hedges.tlog\cl.read.1.tlog
c:\dropbox\mydocuments\projects_current\nrpydnacode\cpp_clean\build_ms_visualstudio\hedges\x64\debug\hedges.tlog\cl.write.1.tlog
c:\dropbox\mydocuments\projects_current\nrpydnacode\cpp_clean\build_ms_visualstudio\hedges\x64\debug\hedges.tlog\link.command.1.tlog
c:\dropbox\mydocuments\projects_current\nrpydnacode\cpp_clean\build_ms_visualstudio\hedges\x64\debug\hedges.tlog\link.read.1.tlog
c:\dropbox\mydocuments\projects_current\nrpydnacode\cpp_clean\build_ms_visualstudio\hedges\x64\debug\hedges.tlog\link.secondary.1.tlog
c:\dropbox\mydocuments\projects_current\nrpydnacode\cpp_clean\build_ms_visualstudio\hedges\x64\debug\hedges.tlog\link.write.1.tlog
